17:57:58,208  INFO ClassPathXmlApplicationContext:456 - Refreshing org.springframework.context.support.ClassPathXmlApplicationContext@22c03da9: startup date [Fri Mar 06 17:57:58 MMT 2015]; root of context hierarchy
  17:57:58,798  INFO XmlBeanDefinitionReader:315 - Loading XML bean definitions from class path resource [Spring-Module.xml]
  17:58:00,222  INFO XmlBeanDefinitionReader:315 - Loading XML bean definitions from class path resource [database/Spring-Datasource.xml]
  17:58:00,387  INFO XmlBeanDefinitionReader:315 - Loading XML bean definitions from class path resource [beans/Spring-Student.xml]
  17:58:00,771  INFO DefaultListableBeanFactory:555 - Pre-instantiating singletons in org.springframework.beans.factory.support.DefaultListableBeanFactory@7d90f66a: defining beans [dataSource,jdbcTemplate,studentDAO]; root of factory hierarchy
  17:58:01,149  INFO DriverManagerDataSource:153 - Loaded JDBC driver: com.mysql.jdbc.Driver
  17:58:01,298  INFO DefaultListableBeanFactory:422 - Destroying singletons in org.springframework.beans.factory.support.DefaultListableBeanFactory@7d90f66a: defining beans [dataSource,jdbcTemplate,studentDAO]; root of factory hierarchy
  18:14:34,933  INFO ClassPathXmlApplicationContext:456 - Refreshing org.springframework.context.support.ClassPathXmlApplicationContext@22c03da9: startup date [Fri Mar 06 18:14:34 MMT 2015]; root of context hierarchy
  18:14:35,113  INFO XmlBeanDefinitionReader:315 - Loading XML bean definitions from class path resource [Spring-Module.xml]
  18:14:35,497  INFO XmlBeanDefinitionReader:315 - Loading XML bean definitions from class path resource [database/Spring-Datasource.xml]
  18:14:35,585  INFO XmlBeanDefinitionReader:315 - Loading XML bean definitions from class path resource [beans/Spring-Student.xml]
  18:14:35,784  INFO DefaultListableBeanFactory:555 - Pre-instantiating singletons in org.springframework.beans.factory.support.DefaultListableBeanFactory@68758d51: defining beans [dataSource,jdbcTemplate,studentDAO]; root of factory hierarchy
  18:14:35,888  INFO DriverManagerDataSource:153 - Loaded JDBC driver: com.mysql.jdbc.Driver
  18:14:35,906  INFO DefaultListableBeanFactory:422 - Destroying singletons in org.springframework.beans.factory.support.DefaultListableBeanFactory@68758d51: defining beans [dataSource,jdbcTemplate,studentDAO]; root of factory hierarchy
  18:15:13,172  INFO ClassPathXmlApplicationContext:456 - Refreshing org.springframework.context.support.ClassPathXmlApplicationContext@66cd1779: startup date [Fri Mar 06 18:15:13 MMT 2015]; root of context hierarchy
  18:15:13,436  INFO XmlBeanDefinitionReader:315 - Loading XML bean definitions from class path resource [Spring-Module.xml]
  18:15:13,932  INFO XmlBeanDefinitionReader:315 - Loading XML bean definitions from class path resource [database/Spring-Datasource.xml]
  18:15:14,061  INFO XmlBeanDefinitionReader:315 - Loading XML bean definitions from class path resource [beans/Spring-Student.xml]
  18:15:14,309  INFO DefaultListableBeanFactory:555 - Pre-instantiating singletons in org.springframework.beans.factory.support.DefaultListableBeanFactory@68758d51: defining beans [dataSource,jdbcTemplate,studentDAO]; root of factory hierarchy
  18:15:14,448  INFO DriverManagerDataSource:153 - Loaded JDBC driver: com.mysql.jdbc.Driver
  18:20:40,972  INFO ClassPathXmlApplicationContext:456 - Refreshing org.springframework.context.support.ClassPathXmlApplicationContext@22c03da9: startup date [Fri Mar 06 18:20:40 MMT 2015]; root of context hierarchy
  18:20:41,146  INFO XmlBeanDefinitionReader:315 - Loading XML bean definitions from class path resource [Spring-Module.xml]
  18:20:41,602  INFO XmlBeanDefinitionReader:315 - Loading XML bean definitions from class path resource [database/Spring-Datasource.xml]
  18:20:41,679  INFO XmlBeanDefinitionReader:315 - Loading XML bean definitions from class path resource [beans/Spring-Student.xml]
  18:20:41,878  INFO DefaultListableBeanFactory:555 - Pre-instantiating singletons in org.springframework.beans.factory.support.DefaultListableBeanFactory@3821e98d: defining beans [dataSource,jdbcTemplate,studentDAO]; root of factory hierarchy
  18:20:41,988  INFO DriverManagerDataSource:153 - Loaded JDBC driver: com.mysql.jdbc.Driver
  18:21:51,076  INFO ClassPathXmlApplicationContext:456 - Refreshing org.springframework.context.support.ClassPathXmlApplicationContext@22c03da9: startup date [Fri Mar 06 18:21:51 MMT 2015]; root of context hierarchy
  18:21:51,277  INFO XmlBeanDefinitionReader:315 - Loading XML bean definitions from class path resource [Spring-Module.xml]
  18:21:51,717  INFO XmlBeanDefinitionReader:315 - Loading XML bean definitions from class path resource [database/Spring-Datasource.xml]
  18:21:51,817  INFO XmlBeanDefinitionReader:315 - Loading XML bean definitions from class path resource [beans/Spring-Student.xml]
  18:21:52,010  INFO DefaultListableBeanFactory:555 - Pre-instantiating singletons in org.springframework.beans.factory.support.DefaultListableBeanFactory@3821e98d: defining beans [dataSource,jdbcTemplate,studentDAO]; root of factory hierarchy
  18:21:52,122  INFO DriverManagerDataSource:153 - Loaded JDBC driver: com.mysql.jdbc.Driver
  19:07:52,962  INFO ClassPathXmlApplicationContext:456 - Refreshing org.springframework.context.support.ClassPathXmlApplicationContext@22c03da9: startup date [Fri Mar 06 19:07:52 MMT 2015]; root of context hierarchy
  19:07:53,168  INFO XmlBeanDefinitionReader:315 - Loading XML bean definitions from class path resource [Spring-Module.xml]
  19:07:53,677  INFO XmlBeanDefinitionReader:315 - Loading XML bean definitions from class path resource [database/Spring-Datasource.xml]
  19:07:53,768  INFO XmlBeanDefinitionReader:315 - Loading XML bean definitions from class path resource [beans/Spring-Student.xml]
  19:07:53,988  INFO DefaultListableBeanFactory:555 - Pre-instantiating singletons in org.springframework.beans.factory.support.DefaultListableBeanFactory@24eb147c: defining beans [dataSource,jdbcTemplate,studentDAO]; root of factory hierarchy
  19:07:54,111  INFO DriverManagerDataSource:153 - Loaded JDBC driver: com.mysql.jdbc.Driver
  19:09:20,110  INFO ClassPathXmlApplicationContext:456 - Refreshing org.springframework.context.support.ClassPathXmlApplicationContext@66cd1779: startup date [Fri Mar 06 19:09:20 MMT 2015]; root of context hierarchy
  19:09:20,328  INFO XmlBeanDefinitionReader:315 - Loading XML bean definitions from class path resource [Spring-Module.xml]
  19:09:20,798  INFO XmlBeanDefinitionReader:315 - Loading XML bean definitions from class path resource [database/Spring-Datasource.xml]
  19:09:20,894  INFO XmlBeanDefinitionReader:315 - Loading XML bean definitions from class path resource [beans/Spring-Student.xml]
  19:09:21,092  INFO DefaultListableBeanFactory:555 - Pre-instantiating singletons in org.springframework.beans.factory.support.DefaultListableBeanFactory@3a6c44c5: defining beans [dataSource,jdbcTemplate,studentDAO]; root of factory hierarchy
  19:09:21,205  INFO DriverManagerDataSource:153 - Loaded JDBC driver: com.mysql.jdbc.Driver
  10:25:17,285  INFO ClassPathXmlApplicationContext:456 - Refreshing org.springframework.context.support.ClassPathXmlApplicationContext@22c03da9: startup date [Sat Mar 07 10:25:17 MMT 2015]; root of context hierarchy
  10:25:17,920  INFO XmlBeanDefinitionReader:315 - Loading XML bean definitions from class path resource [Spring-Module.xml]
  10:25:19,183  INFO XmlBeanDefinitionReader:315 - Loading XML bean definitions from class path resource [database/Spring-Datasource.xml]
  10:25:19,422  INFO XmlBeanDefinitionReader:315 - Loading XML bean definitions from class path resource [beans/Spring-Student.xml]
  10:25:19,801  INFO DefaultListableBeanFactory:555 - Pre-instantiating singletons in org.springframework.beans.factory.support.DefaultListableBeanFactory@68758d51: defining beans [dataSource,jdbcTemplate,studentDAO]; root of factory hierarchy
  10:25:20,259  INFO DriverManagerDataSource:153 - Loaded JDBC driver: com.mysql.jdbc.Driver
  12:16:57,465  INFO ClassPathXmlApplicationContext:456 - Refreshing org.springframework.context.support.ClassPathXmlApplicationContext@6ab45b29: startup date [Sat Mar 07 12:16:57 MMT 2015]; root of context hierarchy
  12:16:57,706  INFO XmlBeanDefinitionReader:315 - Loading XML bean definitions from class path resource [Spring-Module.xml]
  12:16:58,178  INFO XmlBeanDefinitionReader:315 - Loading XML bean definitions from class path resource [database/Spring-Datasource.xml]
  12:16:58,297  INFO XmlBeanDefinitionReader:315 - Loading XML bean definitions from class path resource [beans/Spring-Student.xml]
  12:16:58,482  INFO DefaultListableBeanFactory:555 - Pre-instantiating singletons in org.springframework.beans.factory.support.DefaultListableBeanFactory@3a6c44c5: defining beans [dataSource,jdbcTemplate,studentDAO]; root of factory hierarchy
  12:16:58,591  INFO DriverManagerDataSource:153 - Loaded JDBC driver: com.mysql.jdbc.Driver
  13:02:53,092  INFO ClassPathXmlApplicationContext:456 - Refreshing org.springframework.context.support.ClassPathXmlApplicationContext@66cd1779: startup date [Sat Mar 07 13:02:53 MMT 2015]; root of context hierarchy
  13:02:53,295  INFO XmlBeanDefinitionReader:315 - Loading XML bean definitions from class path resource [Spring-Module.xml]
  13:02:53,773  INFO XmlBeanDefinitionReader:315 - Loading XML bean definitions from class path resource [database/Spring-Datasource.xml]
  13:02:53,886  INFO XmlBeanDefinitionReader:315 - Loading XML bean definitions from class path resource [beans/Spring-Student.xml]
  13:02:54,131  INFO DefaultListableBeanFactory:555 - Pre-instantiating singletons in org.springframework.beans.factory.support.DefaultListableBeanFactory@1a16ff7a: defining beans [dataSource,jdbcTemplate,studentDAO]; root of factory hierarchy
  13:02:54,255  INFO DriverManagerDataSource:153 - Loaded JDBC driver: com.mysql.jdbc.Driver
  13:06:56,228  INFO ClassPathXmlApplicationContext:456 - Refreshing org.springframework.context.support.ClassPathXmlApplicationContext@22c03da9: startup date [Sat Mar 07 13:06:56 MMT 2015]; root of context hierarchy
  13:06:56,505  INFO XmlBeanDefinitionReader:315 - Loading XML bean definitions from class path resource [Spring-Module.xml]
  13:06:57,314  INFO XmlBeanDefinitionReader:315 - Loading XML bean definitions from class path resource [database/Spring-Datasource.xml]
  13:06:57,471  INFO XmlBeanDefinitionReader:315 - Loading XML bean definitions from class path resource [beans/Spring-Student.xml]
  13:06:57,770  INFO DefaultListableBeanFactory:555 - Pre-instantiating singletons in org.springframework.beans.factory.support.DefaultListableBeanFactory@2cf8f4c7: defining beans [dataSource,jdbcTemplate,studentDAO]; root of factory hierarchy
  13:06:57,932  INFO DriverManagerDataSource:153 - Loaded JDBC driver: com.mysql.jdbc.Driver
  13:09:19,143  INFO ClassPathXmlApplicationContext:456 - Refreshing org.springframework.context.support.ClassPathXmlApplicationContext@66cd1779: startup date [Sat Mar 07 13:09:19 MMT 2015]; root of context hierarchy
  13:09:19,323  INFO XmlBeanDefinitionReader:315 - Loading XML bean definitions from class path resource [Spring-Module.xml]
  13:09:19,790  INFO XmlBeanDefinitionReader:315 - Loading XML bean definitions from class path resource [database/Spring-Datasource.xml]
  13:09:19,871  INFO XmlBeanDefinitionReader:315 - Loading XML bean definitions from class path resource [beans/Spring-Student.xml]
  13:09:20,046  INFO DefaultListableBeanFactory:555 - Pre-instantiating singletons in org.springframework.beans.factory.support.DefaultListableBeanFactory@59542b5d: defining beans [dataSource,jdbcTemplate,studentDAO]; root of factory hierarchy
  13:09:20,142  INFO DriverManagerDataSource:153 - Loaded JDBC driver: com.mysql.jdbc.Driver
  13:21:58,835  INFO ClassPathXmlApplicationContext:456 - Refreshing org.springframework.context.support.ClassPathXmlApplicationContext@64ca8735: startup date [Sat Mar 07 13:21:58 MMT 2015]; root of context hierarchy
  13:21:59,014  INFO XmlBeanDefinitionReader:315 - Loading XML bean definitions from class path resource [Spring-Module.xml]
  13:21:59,480  INFO XmlBeanDefinitionReader:315 - Loading XML bean definitions from class path resource [database/Spring-Datasource.xml]
  13:21:59,562  INFO XmlBeanDefinitionReader:315 - Loading XML bean definitions from class path resource [beans/Spring-Student.xml]
  13:21:59,721  INFO DefaultListableBeanFactory:555 - Pre-instantiating singletons in org.springframework.beans.factory.support.DefaultListableBeanFactory@68758d51: defining beans [dataSource,jdbcTemplate,studentDAO]; root of factory hierarchy
  13:21:59,822  INFO DriverManagerDataSource:153 - Loaded JDBC driver: com.mysql.jdbc.Driver
  13:22:06,332  INFO XmlBeanDefinitionReader:315 - Loading XML bean definitions from class path resource [org/springframework/jdbc/support/sql-error-codes.xml]
  13:22:06,613  INFO SQLErrorCodesFactory:125 - SQLErrorCodes loaded: [DB2, Derby, H2, HSQL, Informix, MS-SQL, MySQL, Oracle, PostgreSQL, Sybase]
  13:31:39,374  INFO ClassPathXmlApplicationContext:456 - Refreshing org.springframework.context.support.ClassPathXmlApplicationContext@6ab45b29: startup date [Sat Mar 07 13:31:39 MMT 2015]; root of context hierarchy
  13:31:39,568  INFO XmlBeanDefinitionReader:315 - Loading XML bean definitions from class path resource [Spring-Module.xml]
  13:31:39,938  INFO XmlBeanDefinitionReader:315 - Loading XML bean definitions from class path resource [database/Spring-Datasource.xml]
  13:31:40,049  INFO XmlBeanDefinitionReader:315 - Loading XML bean definitions from class path resource [beans/Spring-Student.xml]
  13:31:40,201  INFO DefaultListableBeanFactory:555 - Pre-instantiating singletons in org.springframework.beans.factory.support.DefaultListableBeanFactory@59542b5d: defining beans [dataSource,jdbcTemplate,studentDAO]; root of factory hierarchy
  13:31:40,302  INFO DriverManagerDataSource:153 - Loaded JDBC driver: com.mysql.jdbc.Driver
  13:32:14,460  INFO ClassPathXmlApplicationContext:456 - Refreshing org.springframework.context.support.ClassPathXmlApplicationContext@22c03da9: startup date [Sat Mar 07 13:32:14 MMT 2015]; root of context hierarchy
  13:32:14,704  INFO XmlBeanDefinitionReader:315 - Loading XML bean definitions from class path resource [Spring-Module.xml]
  13:32:15,149  INFO XmlBeanDefinitionReader:315 - Loading XML bean definitions from class path resource [database/Spring-Datasource.xml]
  13:32:15,253  INFO XmlBeanDefinitionReader:315 - Loading XML bean definitions from class path resource [beans/Spring-Student.xml]
  13:32:15,451  INFO DefaultListableBeanFactory:555 - Pre-instantiating singletons in org.springframework.beans.factory.support.DefaultListableBeanFactory@458debd3: defining beans [dataSource,jdbcTemplate,studentDAO]; root of factory hierarchy
  13:32:15,558  INFO DriverManagerDataSource:153 - Loaded JDBC driver: com.mysql.jdbc.Driver
  13:33:37,395  INFO ClassPathXmlApplicationContext:456 - Refreshing org.springframework.context.support.ClassPathXmlApplicationContext@66cd1779: startup date [Sat Mar 07 13:33:37 MMT 2015]; root of context hierarchy
  13:33:37,573  INFO XmlBeanDefinitionReader:315 - Loading XML bean definitions from class path resource [Spring-Module.xml]
  13:33:38,022  INFO XmlBeanDefinitionReader:315 - Loading XML bean definitions from class path resource [database/Spring-Datasource.xml]
  13:33:38,118  INFO XmlBeanDefinitionReader:315 - Loading XML bean definitions from class path resource [beans/Spring-Student.xml]
  13:33:38,295  INFO DefaultListableBeanFactory:555 - Pre-instantiating singletons in org.springframework.beans.factory.support.DefaultListableBeanFactory@68758d51: defining beans [dataSource,jdbcTemplate,studentDAO]; root of factory hierarchy
  13:33:38,412  INFO DriverManagerDataSource:153 - Loaded JDBC driver: com.mysql.jdbc.Driver
  13:35:27,832  INFO ClassPathXmlApplicationContext:456 - Refreshing org.springframework.context.support.ClassPathXmlApplicationContext@6ab45b29: startup date [Sat Mar 07 13:35:27 MMT 2015]; root of context hierarchy
  13:35:28,083  INFO XmlBeanDefinitionReader:315 - Loading XML bean definitions from class path resource [Spring-Module.xml]
  13:35:28,576  INFO XmlBeanDefinitionReader:315 - Loading XML bean definitions from class path resource [database/Spring-Datasource.xml]
  13:35:28,679  INFO XmlBeanDefinitionReader:315 - Loading XML bean definitions from class path resource [beans/Spring-Student.xml]
  13:35:28,907  INFO DefaultListableBeanFactory:555 - Pre-instantiating singletons in org.springframework.beans.factory.support.DefaultListableBeanFactory@1a16ff7a: defining beans [dataSource,jdbcTemplate,studentDAO]; root of factory hierarchy
  13:35:29,020  INFO DriverManagerDataSource:153 - Loaded JDBC driver: com.mysql.jdbc.Driver
  13:35:58,556  INFO XmlBeanDefinitionReader:315 - Loading XML bean definitions from class path resource [org/springframework/jdbc/support/sql-error-codes.xml]
  13:35:58,694  INFO SQLErrorCodesFactory:125 - SQLErrorCodes loaded: [DB2, Derby, H2, HSQL, Informix, MS-SQL, MySQL, Oracle, PostgreSQL, Sybase]
  13:36:23,577  INFO ClassPathXmlApplicationContext:456 - Refreshing org.springframework.context.support.ClassPathXmlApplicationContext@66cd1779: startup date [Sat Mar 07 13:36:23 MMT 2015]; root of context hierarchy
  13:36:23,750  INFO XmlBeanDefinitionReader:315 - Loading XML bean definitions from class path resource [Spring-Module.xml]
  13:36:24,204  INFO XmlBeanDefinitionReader:315 - Loading XML bean definitions from class path resource [database/Spring-Datasource.xml]
  13:36:24,287  INFO XmlBeanDefinitionReader:315 - Loading XML bean definitions from class path resource [beans/Spring-Student.xml]
  13:36:24,462  INFO DefaultListableBeanFactory:555 - Pre-instantiating singletons in org.springframework.beans.factory.support.DefaultListableBeanFactory@7d90f66a: defining beans [dataSource,jdbcTemplate,studentDAO]; root of factory hierarchy
  13:36:24,555  INFO DriverManagerDataSource:153 - Loaded JDBC driver: com.mysql.jdbc.Driver
  13:36:59,284  INFO ClassPathXmlApplicationContext:456 - Refreshing org.springframework.context.support.ClassPathXmlApplicationContext@7b103411: startup date [Sat Mar 07 13:36:59 MMT 2015]; root of context hierarchy
  13:36:59,481  INFO XmlBeanDefinitionReader:315 - Loading XML bean definitions from class path resource [Spring-Module.xml]
  13:36:59,874  INFO XmlBeanDefinitionReader:315 - Loading XML bean definitions from class path resource [database/Spring-Datasource.xml]
  13:37:00,034  INFO XmlBeanDefinitionReader:315 - Loading XML bean definitions from class path resource [beans/Spring-Student.xml]
  13:37:00,232  INFO DefaultListableBeanFactory:555 - Pre-instantiating singletons in org.springframework.beans.factory.support.DefaultListableBeanFactory@7d90f66a: defining beans [dataSource,jdbcTemplate,studentDAO]; root of factory hierarchy
  13:37:00,325  INFO DriverManagerDataSource:153 - Loaded JDBC driver: com.mysql.jdbc.Driver
  13:37:37,314  INFO ClassPathXmlApplicationContext:456 - Refreshing org.springframework.context.support.ClassPathXmlApplicationContext@66cd1779: startup date [Sat Mar 07 13:37:37 MMT 2015]; root of context hierarchy
  13:37:37,540  INFO XmlBeanDefinitionReader:315 - Loading XML bean definitions from class path resource [Spring-Module.xml]
  13:37:38,003  INFO XmlBeanDefinitionReader:315 - Loading XML bean definitions from class path resource [database/Spring-Datasource.xml]
  13:37:38,097  INFO XmlBeanDefinitionReader:315 - Loading XML bean definitions from class path resource [beans/Spring-Student.xml]
  13:37:38,283  INFO DefaultListableBeanFactory:555 - Pre-instantiating singletons in org.springframework.beans.factory.support.DefaultListableBeanFactory@458debd3: defining beans [dataSource,jdbcTemplate,studentDAO]; root of factory hierarchy
  13:37:38,389  INFO DriverManagerDataSource:153 - Loaded JDBC driver: com.mysql.jdbc.Driver
  13:38:13,258  INFO ClassPathXmlApplicationContext:456 - Refreshing org.springframework.context.support.ClassPathXmlApplicationContext@22c03da9: startup date [Sat Mar 07 13:38:13 MMT 2015]; root of context hierarchy
  13:38:13,428  INFO XmlBeanDefinitionReader:315 - Loading XML bean definitions from class path resource [Spring-Module.xml]
  13:38:13,908  INFO XmlBeanDefinitionReader:315 - Loading XML bean definitions from class path resource [database/Spring-Datasource.xml]
  13:38:14,009  INFO XmlBeanDefinitionReader:315 - Loading XML bean definitions from class path resource [beans/Spring-Student.xml]
  13:38:14,214  INFO DefaultListableBeanFactory:555 - Pre-instantiating singletons in org.springframework.beans.factory.support.DefaultListableBeanFactory@78f2b03f: defining beans [dataSource,jdbcTemplate,studentDAO]; root of factory hierarchy
  13:38:14,306  INFO DriverManagerDataSource:153 - Loaded JDBC driver: com.mysql.jdbc.Driver
  13:40:19,776  INFO ClassPathXmlApplicationContext:456 - Refreshing org.springframework.context.support.ClassPathXmlApplicationContext@66cd1779: startup date [Sat Mar 07 13:40:19 MMT 2015]; root of context hierarchy
  13:40:19,978  INFO XmlBeanDefinitionReader:315 - Loading XML bean definitions from class path resource [Spring-Module.xml]
  13:40:20,761  INFO XmlBeanDefinitionReader:315 - Loading XML bean definitions from class path resource [database/Spring-Datasource.xml]
  13:40:20,878  INFO XmlBeanDefinitionReader:315 - Loading XML bean definitions from class path resource [beans/Spring-Student.xml]
  13:40:21,157  INFO DefaultListableBeanFactory:555 - Pre-instantiating singletons in org.springframework.beans.factory.support.DefaultListableBeanFactory@7d90f66a: defining beans [dataSource,jdbcTemplate,studentDAO]; root of factory hierarchy
  13:40:21,290  INFO DriverManagerDataSource:153 - Loaded JDBC driver: com.mysql.jdbc.Driver
  13:55:42,710  INFO ClassPathXmlApplicationContext:456 - Refreshing org.springframework.context.support.ClassPathXmlApplicationContext@66cd1779: startup date [Sat Mar 07 13:55:42 MMT 2015]; root of context hierarchy
  13:55:43,018  INFO XmlBeanDefinitionReader:315 - Loading XML bean definitions from class path resource [Spring-Module.xml]
  13:55:43,762  INFO XmlBeanDefinitionReader:315 - Loading XML bean definitions from class path resource [database/Spring-Datasource.xml]
  13:55:43,881  INFO XmlBeanDefinitionReader:315 - Loading XML bean definitions from class path resource [beans/Spring-Student.xml]
  13:55:44,188  INFO DefaultListableBeanFactory:555 - Pre-instantiating singletons in org.springframework.beans.factory.support.DefaultListableBeanFactory@3a6c44c5: defining beans [dataSource,jdbcTemplate,studentDAO]; root of factory hierarchy
  13:55:44,319  INFO DriverManagerDataSource:153 - Loaded JDBC driver: com.mysql.jdbc.Driver
  13:56:13,178  INFO XmlBeanDefinitionReader:315 - Loading XML bean definitions from class path resource [org/springframework/jdbc/support/sql-error-codes.xml]
  13:56:13,312  INFO SQLErrorCodesFactory:125 - SQLErrorCodes loaded: [DB2, Derby, H2, HSQL, Informix, MS-SQL, MySQL, Oracle, PostgreSQL, Sybase]
  13:57:56,583  INFO ClassPathXmlApplicationContext:456 - Refreshing org.springframework.context.support.ClassPathXmlApplicationContext@2642c966: startup date [Sat Mar 07 13:57:56 MMT 2015]; root of context hierarchy
  13:57:56,786  INFO XmlBeanDefinitionReader:315 - Loading XML bean definitions from class path resource [Spring-Module.xml]
  13:57:57,292  INFO XmlBeanDefinitionReader:315 - Loading XML bean definitions from class path resource [database/Spring-Datasource.xml]
  13:57:57,396  INFO XmlBeanDefinitionReader:315 - Loading XML bean definitions from class path resource [beans/Spring-Student.xml]
  13:57:57,578  INFO DefaultListableBeanFactory:555 - Pre-instantiating singletons in org.springframework.beans.factory.support.DefaultListableBeanFactory@7d90f66a: defining beans [dataSource,jdbcTemplate,studentDAO]; root of factory hierarchy
  13:57:57,684  INFO DriverManagerDataSource:153 - Loaded JDBC driver: com.mysql.jdbc.Driver
  14:03:25,086  INFO ClassPathXmlApplicationContext:456 - Refreshing org.springframework.context.support.ClassPathXmlApplicationContext@66cd1779: startup date [Sat Mar 07 14:03:25 MMT 2015]; root of context hierarchy
  14:03:25,294  INFO XmlBeanDefinitionReader:315 - Loading XML bean definitions from class path resource [Spring-Module.xml]
  14:03:25,775  INFO XmlBeanDefinitionReader:315 - Loading XML bean definitions from class path resource [database/Spring-Datasource.xml]
  14:03:25,860  INFO XmlBeanDefinitionReader:315 - Loading XML bean definitions from class path resource [beans/Spring-Student.xml]
  14:03:26,035  INFO DefaultListableBeanFactory:555 - Pre-instantiating singletons in org.springframework.beans.factory.support.DefaultListableBeanFactory@7d90f66a: defining beans [dataSource,jdbcTemplate,studentDAO]; root of factory hierarchy
  14:03:26,149  INFO DriverManagerDataSource:153 - Loaded JDBC driver: com.mysql.jdbc.Driver
  14:03:50,307  INFO ClassPathXmlApplicationContext:456 - Refreshing org.springframework.context.support.ClassPathXmlApplicationContext@66cd1779: startup date [Sat Mar 07 14:03:50 MMT 2015]; root of context hierarchy
  14:03:50,591  INFO XmlBeanDefinitionReader:315 - Loading XML bean definitions from class path resource [Spring-Module.xml]
  14:03:51,369  INFO XmlBeanDefinitionReader:315 - Loading XML bean definitions from class path resource [database/Spring-Datasource.xml]
  14:03:51,526  INFO XmlBeanDefinitionReader:315 - Loading XML bean definitions from class path resource [beans/Spring-Student.xml]
  14:03:51,808  INFO DefaultListableBeanFactory:555 - Pre-instantiating singletons in org.springframework.beans.factory.support.DefaultListableBeanFactory@3821e98d: defining beans [dataSource,jdbcTemplate,studentDAO]; root of factory hierarchy
  14:03:51,933  INFO DriverManagerDataSource:153 - Loaded JDBC driver: com.mysql.jdbc.Driver
  14:04:10,022  INFO ClassPathXmlApplicationContext:456 - Refreshing org.springframework.context.support.ClassPathXmlApplicationContext@66cd1779: startup date [Sat Mar 07 14:04:10 MMT 2015]; root of context hierarchy
  14:04:10,246  INFO XmlBeanDefinitionReader:315 - Loading XML bean definitions from class path resource [Spring-Module.xml]
  14:04:10,719  INFO XmlBeanDefinitionReader:315 - Loading XML bean definitions from class path resource [database/Spring-Datasource.xml]
  14:04:10,817  INFO XmlBeanDefinitionReader:315 - Loading XML bean definitions from class path resource [beans/Spring-Student.xml]
  14:04:11,043  INFO DefaultListableBeanFactory:555 - Pre-instantiating singletons in org.springframework.beans.factory.support.DefaultListableBeanFactory@68758d51: defining beans [dataSource,jdbcTemplate,studentDAO]; root of factory hierarchy
  14:04:11,149  INFO DriverManagerDataSource:153 - Loaded JDBC driver: com.mysql.jdbc.Driver
  